<?xml version="1.0" encoding="UTF-8"?>
<!-- Generated by org.testng.reporters.JUnitXMLReporter -->
<testsuite hostname="rohini" ignored="0" name="Data Profiling Rule" tests="17" failures="2" timestamp="18 Feb 2019 09:12:37 GMT" time="199.342" errors="0">
  <testcase name="dataVisualization" time="11.416" classname="com.inferyx.framework.dataProfiling.rule.Rule"/>
  <testcase name="validateAdd" time="29.156" classname="com.inferyx.framework.dataProfiling.rule.RuleAdd"/>
  <testcase name="vizpodView" time="4.428" classname="com.inferyx.framework.dataProfiling.rule.RuleActionView"/>
  <testcase name="ruleEdit" time="4.414" classname="com.inferyx.framework.dataProfiling.rule.RuleActionEdit"/>
  <testcase name="vizpodDelete" time="4.182" classname="com.inferyx.framework.dataProfiling.rule.RuleActionDelete"/>
  <testcase name="ruleRestore" time="4.166" classname="com.inferyx.framework.dataProfiling.rule.RuleActionRestore"/>
  <testcase name="datapodLockAction" time="4.186" classname="com.inferyx.framework.dataProfiling.rule.RuleActionLock"/>
  <testcase name="datapodUnLockAction" time="4.156" classname="com.inferyx.framework.dataProfiling.rule.RuleActionUnlock"/>
  <testcase name="datapodPublishAction" time="4.179" classname="com.inferyx.framework.dataProfiling.rule.RuleActionPublish"/>
  <testcase name="datapodUnPublishAction" time="4.174" classname="com.inferyx.framework.dataProfiling.rule.RuleActionUnPublish"/>
  <testcase name="vizpodView" time="4.194" classname="com.inferyx.framework.dataProfiling.rule.RuleActionExecute"/>
  <testcase name="datapodEditAction" time="4.193" classname="com.inferyx.framework.dataProfiling.rule.RuleActionClone"/>
  <testcase name="datapodEditAction" time="4.199" classname="com.inferyx.framework.dataProfiling.rule.RuleActionExport"/>
  <testcase name="ruleView" time="0.205" classname="com.inferyx.framework.dataProfiling.rule.RuleActionViewIcon">
    <failure type="org.openqa.selenium.WebDriverException" message="unknown error: Element &amp;lt;button class=&amp;quot;btn green btn-xs btn-outline dropdown-toggle&amp;quot; uib-dropdown-toggle=&amp;quot;&amp;quot; aria-haspopup=&amp;quot;true&amp;quot; aria-expanded=&amp;quot;false&amp;quot;&amp;gt;...&amp;lt;/button&amp;gt; is not clickable at point (1204, 331). Other element would receive the click: &amp;lt;div class=&amp;quot;modal-backdrop fade&amp;quot;&amp;gt;&amp;lt;/div&amp;gt;
  (Session info: chrome=71.0.3578.98)
  (Driver info: chromedriver=2.41.578700 (2f1ed5f9343c13f73144538f15c00b370eda6706),platform=Linux 4.15.0-45-generic x86_64) (WARNING: The server did not provide any stacktrace information)
Command duration or timeout: 156 milliseconds
Build info: version: &amp;apos;3.2.0&amp;apos;, revision: &amp;apos;8c03df6b79&amp;apos;, time: &amp;apos;2017-02-23 10:51:31 +0000&amp;apos;
System info: host: &amp;apos;rohini&amp;apos;, ip: &amp;apos;10.10.0.14&amp;apos;, os.name: &amp;apos;Linux&amp;apos;, os.arch: &amp;apos;amd64&amp;apos;, os.version: &amp;apos;4.15.0-45-generic&amp;apos;, java.version: &amp;apos;1.8.0_191&amp;apos;
Driver info: org.openqa.selenium.chrome.ChromeDriver
Capabilities [{mobileEmulationEnabled=false, hasTouchScreen=false, platform=LINUX, acceptSslCerts=false, goog:chromeOptions={debuggerAddress=localhost:39147}, acceptInsecureCerts=false, webStorageEnabled=true, browserName=chrome, takesScreenshot=true, javascriptEnabled=true, setWindowRect=true, unexpectedAlertBehaviour=, applicationCacheEnabled=false, rotatable=false, networkConnectionEnabled=false, chrome={chromedriverVersion=2.41.578700 (2f1ed5f9343c13f73144538f15c00b370eda6706), userDataDir=/tmp/.org.chromium.Chromium.kNauyN}, takesHeapSnapshot=true, pageLoadStrategy=normal, databaseEnabled=false, handlesAlerts=true, version=71.0.3578.98, browserConnectionEnabled=false, nativeEvents=true, locationContextEnabled=true, cssSelectorsEnabled=true}]
Session ID: 6d4f83eb3d4834b0ab968f95fa836099">
      <![CDATA[org.openqa.selenium.WebDriverException: unknown error: Element <button class="btn green btn-xs btn-outline dropdown-toggle" uib-dropdown-toggle="" aria-haspopup="true" aria-expanded="false">...</button> is not clickable at point (1204, 331). Other element would receive the click: <div class="modal-backdrop fade"></div>
  (Session info: chrome=71.0.3578.98)
  (Driver info: chromedriver=2.41.578700 (2f1ed5f9343c13f73144538f15c00b370eda6706),platform=Linux 4.15.0-45-generic x86_64) (WARNING: The server did not provide any stacktrace information)
Command duration or timeout: 156 milliseconds
Build info: version: '3.2.0', revision: '8c03df6b79', time: '2017-02-23 10:51:31 +0000'
System info: host: 'rohini', ip: '10.10.0.14', os.name: 'Linux', os.arch: 'amd64', os.version: '4.15.0-45-generic', java.version: '1.8.0_191'
Driver info: org.openqa.selenium.chrome.ChromeDriver
Capabilities [{mobileEmulationEnabled=false, hasTouchScreen=false, platform=LINUX, acceptSslCerts=false, goog:chromeOptions={debuggerAddress=localhost:39147}, acceptInsecureCerts=false, webStorageEnabled=true, browserName=chrome, takesScreenshot=true, javascriptEnabled=true, setWindowRect=true, unexpectedAlertBehaviour=, applicationCacheEnabled=false, rotatable=false, networkConnectionEnabled=false, chrome={chromedriverVersion=2.41.578700 (2f1ed5f9343c13f73144538f15c00b370eda6706), userDataDir=/tmp/.org.chromium.Chromium.kNauyN}, takesHeapSnapshot=true, pageLoadStrategy=normal, databaseEnabled=false, handlesAlerts=true, version=71.0.3578.98, browserConnectionEnabled=false, nativeEvents=true, locationContextEnabled=true, cssSelectorsEnabled=true}]
Session ID: 6d4f83eb3d4834b0ab968f95fa836099
at org.openqa.selenium.remote.ErrorHandler.createThrowable(ErrorHandler.java:216)
at org.openqa.selenium.remote.ErrorHandler.throwIfResponseFailed(ErrorHandler.java:168)
at org.openqa.selenium.remote.RemoteWebDriver.execute(RemoteWebDriver.java:638)
at org.openqa.selenium.remote.RemoteWebElement.execute(RemoteWebElement.java:274)
at org.openqa.selenium.remote.RemoteWebElement.click(RemoteWebElement.java:84)
at com.inferyx.framework.dataProfiling.rule.RuleActionViewIcon.ruleView(RuleActionViewIcon.java:17)
... Removed 29 stack frames]]>
    </failure>
  </testcase> <!-- ruleView -->
  <testcase name="ruleGraph" time="8.357" classname="com.inferyx.framework.dataProfiling.rule.RuleActionViewIcon"/>
  <testcase name="ruleRefresh" time="8.146" classname="com.inferyx.framework.dataProfiling.rule.RuleActionViewIcon"/>
  <testcase name="ruleEdit" time="3.481" classname="com.inferyx.framework.dataProfiling.rule.RuleActionViewIcon">
    <failure type="org.openqa.selenium.WebDriverException" message="unknown error: Element &amp;lt;button type=&amp;quot;submit&amp;quot; class=&amp;quot;btn btn-outline green button-next&amp;quot;&amp;gt;...&amp;lt;/button&amp;gt; is not clickable at point (577, 560). Other element would receive the click: &amp;lt;input class=&amp;quot;input ng-pristine ng-untouched ng-valid ng-empty&amp;quot; autocomplete=&amp;quot;off&amp;quot; ng-model=&amp;quot;newTag.text&amp;quot; ng-model-options=&amp;quot;{getterSetter: true}&amp;quot; ng-keydown=&amp;quot;eventHandlers.input.keydown($event)&amp;quot; ng-focus=&amp;quot;eventHandlers.input.focus($event)&amp;quot; ng-blur=&amp;quot;eventHandlers.input.blur($event)&amp;quot; ng-paste=&amp;quot;eventHandlers.input.paste($event)&amp;quot; ng-trim=&amp;quot;false&amp;quot; ng-class=&amp;quot;{&amp;apos;invalid-tag&amp;apos;: newTag.invalid}&amp;quot; ng-disabled=&amp;quot;disabled&amp;quot; ti-bind-attrs=&amp;quot;{type: options.type, placeholder: options.placeholder, tabindex: options.tabindex, spellcheck: options.spellcheck}&amp;quot; ti-autosize=&amp;quot;&amp;quot; type=&amp;quot;text&amp;quot; placeholder=&amp;quot;&amp;quot; spellcheck=&amp;quot;true&amp;quot;&amp;gt;
  (Session info: chrome=71.0.3578.98)
  (Driver info: chromedriver=2.41.578700 (2f1ed5f9343c13f73144538f15c00b370eda6706),platform=Linux 4.15.0-45-generic x86_64) (WARNING: The server did not provide any stacktrace information)
Command duration or timeout: 97 milliseconds
Build info: version: &amp;apos;3.2.0&amp;apos;, revision: &amp;apos;8c03df6b79&amp;apos;, time: &amp;apos;2017-02-23 10:51:31 +0000&amp;apos;
System info: host: &amp;apos;rohini&amp;apos;, ip: &amp;apos;10.10.0.14&amp;apos;, os.name: &amp;apos;Linux&amp;apos;, os.arch: &amp;apos;amd64&amp;apos;, os.version: &amp;apos;4.15.0-45-generic&amp;apos;, java.version: &amp;apos;1.8.0_191&amp;apos;
Driver info: org.openqa.selenium.chrome.ChromeDriver
Capabilities [{mobileEmulationEnabled=false, hasTouchScreen=false, platform=LINUX, acceptSslCerts=false, goog:chromeOptions={debuggerAddress=localhost:39147}, acceptInsecureCerts=false, webStorageEnabled=true, browserName=chrome, takesScreenshot=true, javascriptEnabled=true, setWindowRect=true, unexpectedAlertBehaviour=, applicationCacheEnabled=false, rotatable=false, networkConnectionEnabled=false, chrome={chromedriverVersion=2.41.578700 (2f1ed5f9343c13f73144538f15c00b370eda6706), userDataDir=/tmp/.org.chromium.Chromium.kNauyN}, takesHeapSnapshot=true, pageLoadStrategy=normal, databaseEnabled=false, handlesAlerts=true, version=71.0.3578.98, browserConnectionEnabled=false, nativeEvents=true, locationContextEnabled=true, cssSelectorsEnabled=true}]
Session ID: 6d4f83eb3d4834b0ab968f95fa836099">
      <![CDATA[org.openqa.selenium.WebDriverException: unknown error: Element <button type="submit" class="btn btn-outline green button-next">...</button> is not clickable at point (577, 560). Other element would receive the click: <input class="input ng-pristine ng-untouched ng-valid ng-empty" autocomplete="off" ng-model="newTag.text" ng-model-options="{getterSetter: true}" ng-keydown="eventHandlers.input.keydown($event)" ng-focus="eventHandlers.input.focus($event)" ng-blur="eventHandlers.input.blur($event)" ng-paste="eventHandlers.input.paste($event)" ng-trim="false" ng-class="{'invalid-tag': newTag.invalid}" ng-disabled="disabled" ti-bind-attrs="{type: options.type, placeholder: options.placeholder, tabindex: options.tabindex, spellcheck: options.spellcheck}" ti-autosize="" type="text" placeholder="" spellcheck="true">
  (Session info: chrome=71.0.3578.98)
  (Driver info: chromedriver=2.41.578700 (2f1ed5f9343c13f73144538f15c00b370eda6706),platform=Linux 4.15.0-45-generic x86_64) (WARNING: The server did not provide any stacktrace information)
Command duration or timeout: 97 milliseconds
Build info: version: '3.2.0', revision: '8c03df6b79', time: '2017-02-23 10:51:31 +0000'
System info: host: 'rohini', ip: '10.10.0.14', os.name: 'Linux', os.arch: 'amd64', os.version: '4.15.0-45-generic', java.version: '1.8.0_191'
Driver info: org.openqa.selenium.chrome.ChromeDriver
Capabilities [{mobileEmulationEnabled=false, hasTouchScreen=false, platform=LINUX, acceptSslCerts=false, goog:chromeOptions={debuggerAddress=localhost:39147}, acceptInsecureCerts=false, webStorageEnabled=true, browserName=chrome, takesScreenshot=true, javascriptEnabled=true, setWindowRect=true, unexpectedAlertBehaviour=, applicationCacheEnabled=false, rotatable=false, networkConnectionEnabled=false, chrome={chromedriverVersion=2.41.578700 (2f1ed5f9343c13f73144538f15c00b370eda6706), userDataDir=/tmp/.org.chromium.Chromium.kNauyN}, takesHeapSnapshot=true, pageLoadStrategy=normal, databaseEnabled=false, handlesAlerts=true, version=71.0.3578.98, browserConnectionEnabled=false, nativeEvents=true, locationContextEnabled=true, cssSelectorsEnabled=true}]
Session ID: 6d4f83eb3d4834b0ab968f95fa836099
at org.openqa.selenium.remote.ErrorHandler.createThrowable(ErrorHandler.java:216)
at org.openqa.selenium.remote.ErrorHandler.throwIfResponseFailed(ErrorHandler.java:168)
at org.openqa.selenium.remote.RemoteWebDriver.execute(RemoteWebDriver.java:638)
at org.openqa.selenium.remote.RemoteWebElement.execute(RemoteWebElement.java:274)
at org.openqa.selenium.remote.RemoteWebElement.click(RemoteWebElement.java:84)
at com.inferyx.framework.dataProfiling.rule.RuleActionViewIcon.ruleEdit(RuleActionViewIcon.java:92)
... Removed 29 stack frames]]>
    </failure>
  </testcase> <!-- ruleEdit -->
</testsuite> <!-- Data Profiling Rule -->
