<html>
<head>
<title>TestNG:  Data Profiling Rule</title>
<link href="../testng.css" rel="stylesheet" type="text/css" />
<link href="../my-testng.css" rel="stylesheet" type="text/css" />

<style type="text/css">
.log { display: none;} 
.stack-trace { display: none;} 
</style>
<script type="text/javascript">
<!--
function flip(e) {
  current = e.style.display;
  if (current == 'block') {
    e.style.display = 'none';
    return 0;
  }
  else {
    e.style.display = 'block';
    return 1;
  }
}

function toggleBox(szDivId, elem, msg1, msg2)
{
  var res = -1;  if (document.getElementById) {
    res = flip(document.getElementById(szDivId));
  }
  else if (document.all) {
    // this is the way old msie versions work
    res = flip(document.all[szDivId]);
  }
  if(elem) {
    if(res == 0) elem.innerHTML = msg1; else elem.innerHTML = msg2;
  }

}

function toggleAllBoxes() {
  if (document.getElementsByTagName) {
    d = document.getElementsByTagName('div');
    for (i = 0; i < d.length; i++) {
      if (d[i].className == 'log') {
        flip(d[i]);
      }
    }
  }
}

// -->
</script>

</head>
<body>
<h2 align='center'>Data Profiling Rule</h2><table border='1' align="center">
<tr>
<td>Tests passed/Failed/Skipped:</td><td>15/2/0</td>
</tr><tr>
<td>Started on:</td><td>Mon Feb 18 14:39:18 IST 2019</td>
</tr>
<tr><td>Total time:</td><td>199 seconds (199342 ms)</td>
</tr><tr>
<td>Included groups:</td><td></td>
</tr><tr>
<td>Excluded groups:</td><td></td>
</tr>
</table><p/>
<small><i>(Hover the method name to see the test class name)</i></small><p/>
<table width='100%' border='1' class='invocation-failed'>
<tr><td colspan='4' align='center'><b>FAILED TESTS</b></td></tr>
<tr><td><b>Test method</b></td>
<td width="30%"><b>Exception</b></td>
<td width="10%"><b>Time (seconds)</b></td>
<td><b>Instance</b></td>
</tr>
<tr>
<td title='com.inferyx.framework.dataProfiling.rule.RuleActionViewIcon.ruleEdit()'><b>ruleEdit</b><br>Test class: com.inferyx.framework.dataProfiling.rule.RuleActionViewIcon<br>Test method: Rule Edit</td>
<td><div><pre>org.openqa.selenium.WebDriverException: unknown error: Element &lt;button type=&quot;submit&quot; class=&quot;btn btn-outline green button-next&quot;&gt;...&lt;/button&gt; is not clickable at point (577, 560). Other element would receive the click: &lt;input class=&quot;input ng-pristine ng-untouched ng-valid ng-empty&quot; autocomplete=&quot;off&quot; ng-model=&quot;newTag.text&quot; ng-model-options=&quot;{getterSetter: true}&quot; ng-keydown=&quot;eventHandlers.input.keydown($event)&quot; ng-focus=&quot;eventHandlers.input.focus($event)&quot; ng-blur=&quot;eventHandlers.input.blur($event)&quot; ng-paste=&quot;eventHandlers.input.paste($event)&quot; ng-trim=&quot;false&quot; ng-class=&quot;{&apos;invalid-tag&apos;: newTag.invalid}&quot; ng-disabled=&quot;disabled&quot; ti-bind-attrs=&quot;{type: options.type, placeholder: options.placeholder, tabindex: options.tabindex, spellcheck: options.spellcheck}&quot; ti-autosize=&quot;&quot; type=&quot;text&quot; placeholder=&quot;&quot; spellcheck=&quot;true&quot;&gt;
  (Session info: chrome=71.0.3578.98)
  (Driver info: chromedriver=2.41.578700 (2f1ed5f9343c13f73144538f15c00b370eda6706),platform=Linux 4.15.0-45-generic x86_64) (WARNING: The server did not provide any stacktrace information)
Command duration or timeout: 97 milliseconds
Build info: version: &apos;3.2.0&apos;, revision: &apos;8c03df6b79&apos;, time: &apos;2017-02-23 10:51:31 +0000&apos;
System info: host: &apos;rohini&apos;, ip: &apos;10.10.0.14&apos;, os.name: &apos;Linux&apos;, os.arch: &apos;amd64&apos;, os.version: &apos;4.15.0-45-generic&apos;, java.version: &apos;1.8.0_191&apos;
Driver info: org.openqa.selenium.chrome.ChromeDriver
Capabilities [{mobileEmulationEnabled=false, hasTouchScreen=false, platform=LINUX, acceptSslCerts=false, goog:chromeOptions={debuggerAddress=localhost:39147}, acceptInsecureCerts=false, webStorageEnabled=true, browserName=chrome, takesScreenshot=true, javascriptEnabled=true, setWindowRect=true, unexpectedAlertBehaviour=, applicationCacheEnabled=false, rotatable=false, networkConnectionEnabled=false, chrome={chromedriverVersion=2.41.578700 (2f1ed5f9343c13f73144538f15c00b370eda6706), userDataDir=/tmp/.org.chromium.Chromium.kNauyN}, takesHeapSnapshot=true, pageLoadStrategy=normal, databaseEnabled=false, handlesAlerts=true, version=71.0.3578.98, browserConnectionEnabled=false, nativeEvents=true, locationContextEnabled=true, cssSelectorsEnabled=true}]
Session ID: 6d4f83eb3d4834b0ab968f95fa836099
	at org.openqa.selenium.remote.ErrorHandler.createThrowable(ErrorHandler.java:216)
	at org.openqa.selenium.remote.ErrorHandler.throwIfResponseFailed(ErrorHandler.java:168)
	at org.openqa.selenium.remote.RemoteWebDriver.execute(RemoteWebDriver.java:638)
	at org.openqa.selenium.remote.RemoteWebElement.execute(RemoteWebElement.java:274)
	at org.openqa.selenium.remote.RemoteWebElement.click(RemoteWebElement.java:84)
	at com.inferyx.framework.dataProfiling.rule.RuleActionViewIcon.ruleEdit(RuleActionViewIcon.java:92)
... Removed 29 stack frames</pre></div><a href='#' onClick='toggleBox("stack-trace54617902", this, "Click to show all stack frames", "Click to hide stack frames")'>Click to show all stack frames</a>
<div class='stack-trace' id='stack-trace54617902'><pre>org.openqa.selenium.WebDriverException: unknown error: Element &lt;button type=&quot;submit&quot; class=&quot;btn btn-outline green button-next&quot;&gt;...&lt;/button&gt; is not clickable at point (577, 560). Other element would receive the click: &lt;input class=&quot;input ng-pristine ng-untouched ng-valid ng-empty&quot; autocomplete=&quot;off&quot; ng-model=&quot;newTag.text&quot; ng-model-options=&quot;{getterSetter: true}&quot; ng-keydown=&quot;eventHandlers.input.keydown($event)&quot; ng-focus=&quot;eventHandlers.input.focus($event)&quot; ng-blur=&quot;eventHandlers.input.blur($event)&quot; ng-paste=&quot;eventHandlers.input.paste($event)&quot; ng-trim=&quot;false&quot; ng-class=&quot;{&apos;invalid-tag&apos;: newTag.invalid}&quot; ng-disabled=&quot;disabled&quot; ti-bind-attrs=&quot;{type: options.type, placeholder: options.placeholder, tabindex: options.tabindex, spellcheck: options.spellcheck}&quot; ti-autosize=&quot;&quot; type=&quot;text&quot; placeholder=&quot;&quot; spellcheck=&quot;true&quot;&gt;
  (Session info: chrome=71.0.3578.98)
  (Driver info: chromedriver=2.41.578700 (2f1ed5f9343c13f73144538f15c00b370eda6706),platform=Linux 4.15.0-45-generic x86_64) (WARNING: The server did not provide any stacktrace information)
Command duration or timeout: 97 milliseconds
Build info: version: &apos;3.2.0&apos;, revision: &apos;8c03df6b79&apos;, time: &apos;2017-02-23 10:51:31 +0000&apos;
System info: host: &apos;rohini&apos;, ip: &apos;10.10.0.14&apos;, os.name: &apos;Linux&apos;, os.arch: &apos;amd64&apos;, os.version: &apos;4.15.0-45-generic&apos;, java.version: &apos;1.8.0_191&apos;
Driver info: org.openqa.selenium.chrome.ChromeDriver
Capabilities [{mobileEmulationEnabled=false, hasTouchScreen=false, platform=LINUX, acceptSslCerts=false, goog:chromeOptions={debuggerAddress=localhost:39147}, acceptInsecureCerts=false, webStorageEnabled=true, browserName=chrome, takesScreenshot=true, javascriptEnabled=true, setWindowRect=true, unexpectedAlertBehaviour=, applicationCacheEnabled=false, rotatable=false, networkConnectionEnabled=false, chrome={chromedriverVersion=2.41.578700 (2f1ed5f9343c13f73144538f15c00b370eda6706), userDataDir=/tmp/.org.chromium.Chromium.kNauyN}, takesHeapSnapshot=true, pageLoadStrategy=normal, databaseEnabled=false, handlesAlerts=true, version=71.0.3578.98, browserConnectionEnabled=false, nativeEvents=true, locationContextEnabled=true, cssSelectorsEnabled=true}]
Session ID: 6d4f83eb3d4834b0ab968f95fa836099
	at sun.reflect.NativeConstructorAccessorImpl.newInstance0(Native Method)
	at sun.reflect.NativeConstructorAccessorImpl.newInstance(NativeConstructorAccessorImpl.java:62)
	at sun.reflect.DelegatingConstructorAccessorImpl.newInstance(DelegatingConstructorAccessorImpl.java:45)
	at java.lang.reflect.Constructor.newInstance(Constructor.java:423)
	at org.openqa.selenium.remote.ErrorHandler.createThrowable(ErrorHandler.java:216)
	at org.openqa.selenium.remote.ErrorHandler.throwIfResponseFailed(ErrorHandler.java:168)
	at org.openqa.selenium.remote.RemoteWebDriver.execute(RemoteWebDriver.java:638)
	at org.openqa.selenium.remote.RemoteWebElement.execute(RemoteWebElement.java:274)
	at org.openqa.selenium.remote.RemoteWebElement.click(RemoteWebElement.java:84)
	at com.inferyx.framework.dataProfiling.rule.RuleActionViewIcon.ruleEdit(RuleActionViewIcon.java:92)
	at sun.reflect.NativeMethodAccessorImpl.invoke0(Native Method)
	at sun.reflect.NativeMethodAccessorImpl.invoke(NativeMethodAccessorImpl.java:62)
	at sun.reflect.DelegatingMethodAccessorImpl.invoke(DelegatingMethodAccessorImpl.java:43)
	at java.lang.reflect.Method.invoke(Method.java:498)
	at org.testng.internal.MethodInvocationHelper.invokeMethod(MethodInvocationHelper.java:124)
	at org.testng.internal.Invoker.invokeMethod(Invoker.java:583)
	at org.testng.internal.Invoker.invokeTestMethod(Invoker.java:719)
	at org.testng.internal.Invoker.invokeTestMethods(Invoker.java:989)
	at org.testng.internal.TestMethodWorker.invokeTestMethods(TestMethodWorker.java:125)
	at org.testng.internal.TestMethodWorker.run(TestMethodWorker.java:109)
	at org.testng.TestRunner.privateRun(TestRunner.java:648)
	at org.testng.TestRunner.run(TestRunner.java:505)
	at org.testng.SuiteRunner.runTest(SuiteRunner.java:455)
	at org.testng.SuiteRunner.runSequentially(SuiteRunner.java:450)
	at org.testng.SuiteRunner.privateRun(SuiteRunner.java:415)
	at org.testng.SuiteRunner.run(SuiteRunner.java:364)
	at org.testng.SuiteRunnerWorker.runSuite(SuiteRunnerWorker.java:52)
	at org.testng.SuiteRunnerWorker.run(SuiteRunnerWorker.java:84)
	at org.testng.TestNG.runSuitesSequentially(TestNG.java:1208)
	at org.testng.TestNG.runSuitesLocally(TestNG.java:1137)
	at org.testng.TestNG.runSuites(TestNG.java:1049)
	at org.testng.TestNG.run(TestNG.java:1017)
	at org.testng.remote.AbstractRemoteTestNG.run(AbstractRemoteTestNG.java:114)
	at org.testng.remote.RemoteTestNG.initAndRun(RemoteTestNG.java:251)
	at org.testng.remote.RemoteTestNG.main(RemoteTestNG.java:77)
</pre></div></td>
<td>3</td>
<td>com.inferyx.framework.dataProfiling.rule.RuleActionViewIcon@7c9d8e2</td></tr>
<tr>
<td title='com.inferyx.framework.dataProfiling.rule.RuleActionViewIcon.ruleView()'><b>ruleView</b><br>Test class: com.inferyx.framework.dataProfiling.rule.RuleActionViewIcon<br>Test method: Rule Action View</td>
<td><div><pre>org.openqa.selenium.WebDriverException: unknown error: Element &lt;button class=&quot;btn green btn-xs btn-outline dropdown-toggle&quot; uib-dropdown-toggle=&quot;&quot; aria-haspopup=&quot;true&quot; aria-expanded=&quot;false&quot;&gt;...&lt;/button&gt; is not clickable at point (1204, 331). Other element would receive the click: &lt;div class=&quot;modal-backdrop fade&quot;&gt;&lt;/div&gt;
  (Session info: chrome=71.0.3578.98)
  (Driver info: chromedriver=2.41.578700 (2f1ed5f9343c13f73144538f15c00b370eda6706),platform=Linux 4.15.0-45-generic x86_64) (WARNING: The server did not provide any stacktrace information)
Command duration or timeout: 156 milliseconds
Build info: version: &apos;3.2.0&apos;, revision: &apos;8c03df6b79&apos;, time: &apos;2017-02-23 10:51:31 +0000&apos;
System info: host: &apos;rohini&apos;, ip: &apos;10.10.0.14&apos;, os.name: &apos;Linux&apos;, os.arch: &apos;amd64&apos;, os.version: &apos;4.15.0-45-generic&apos;, java.version: &apos;1.8.0_191&apos;
Driver info: org.openqa.selenium.chrome.ChromeDriver
Capabilities [{mobileEmulationEnabled=false, hasTouchScreen=false, platform=LINUX, acceptSslCerts=false, goog:chromeOptions={debuggerAddress=localhost:39147}, acceptInsecureCerts=false, webStorageEnabled=true, browserName=chrome, takesScreenshot=true, javascriptEnabled=true, setWindowRect=true, unexpectedAlertBehaviour=, applicationCacheEnabled=false, rotatable=false, networkConnectionEnabled=false, chrome={chromedriverVersion=2.41.578700 (2f1ed5f9343c13f73144538f15c00b370eda6706), userDataDir=/tmp/.org.chromium.Chromium.kNauyN}, takesHeapSnapshot=true, pageLoadStrategy=normal, databaseEnabled=false, handlesAlerts=true, version=71.0.3578.98, browserConnectionEnabled=false, nativeEvents=true, locationContextEnabled=true, cssSelectorsEnabled=true}]
Session ID: 6d4f83eb3d4834b0ab968f95fa836099
	at org.openqa.selenium.remote.ErrorHandler.createThrowable(ErrorHandler.java:216)
	at org.openqa.selenium.remote.ErrorHandler.throwIfResponseFailed(ErrorHandler.java:168)
	at org.openqa.selenium.remote.RemoteWebDriver.execute(RemoteWebDriver.java:638)
	at org.openqa.selenium.remote.RemoteWebElement.execute(RemoteWebElement.java:274)
	at org.openqa.selenium.remote.RemoteWebElement.click(RemoteWebElement.java:84)
	at com.inferyx.framework.dataProfiling.rule.RuleActionViewIcon.ruleView(RuleActionViewIcon.java:17)
... Removed 29 stack frames</pre></div><a href='#' onClick='toggleBox("stack-trace254315540", this, "Click to show all stack frames", "Click to hide stack frames")'>Click to show all stack frames</a>
<div class='stack-trace' id='stack-trace254315540'><pre>org.openqa.selenium.WebDriverException: unknown error: Element &lt;button class=&quot;btn green btn-xs btn-outline dropdown-toggle&quot; uib-dropdown-toggle=&quot;&quot; aria-haspopup=&quot;true&quot; aria-expanded=&quot;false&quot;&gt;...&lt;/button&gt; is not clickable at point (1204, 331). Other element would receive the click: &lt;div class=&quot;modal-backdrop fade&quot;&gt;&lt;/div&gt;
  (Session info: chrome=71.0.3578.98)
  (Driver info: chromedriver=2.41.578700 (2f1ed5f9343c13f73144538f15c00b370eda6706),platform=Linux 4.15.0-45-generic x86_64) (WARNING: The server did not provide any stacktrace information)
Command duration or timeout: 156 milliseconds
Build info: version: &apos;3.2.0&apos;, revision: &apos;8c03df6b79&apos;, time: &apos;2017-02-23 10:51:31 +0000&apos;
System info: host: &apos;rohini&apos;, ip: &apos;10.10.0.14&apos;, os.name: &apos;Linux&apos;, os.arch: &apos;amd64&apos;, os.version: &apos;4.15.0-45-generic&apos;, java.version: &apos;1.8.0_191&apos;
Driver info: org.openqa.selenium.chrome.ChromeDriver
Capabilities [{mobileEmulationEnabled=false, hasTouchScreen=false, platform=LINUX, acceptSslCerts=false, goog:chromeOptions={debuggerAddress=localhost:39147}, acceptInsecureCerts=false, webStorageEnabled=true, browserName=chrome, takesScreenshot=true, javascriptEnabled=true, setWindowRect=true, unexpectedAlertBehaviour=, applicationCacheEnabled=false, rotatable=false, networkConnectionEnabled=false, chrome={chromedriverVersion=2.41.578700 (2f1ed5f9343c13f73144538f15c00b370eda6706), userDataDir=/tmp/.org.chromium.Chromium.kNauyN}, takesHeapSnapshot=true, pageLoadStrategy=normal, databaseEnabled=false, handlesAlerts=true, version=71.0.3578.98, browserConnectionEnabled=false, nativeEvents=true, locationContextEnabled=true, cssSelectorsEnabled=true}]
Session ID: 6d4f83eb3d4834b0ab968f95fa836099
	at sun.reflect.NativeConstructorAccessorImpl.newInstance0(Native Method)
	at sun.reflect.NativeConstructorAccessorImpl.newInstance(NativeConstructorAccessorImpl.java:62)
	at sun.reflect.DelegatingConstructorAccessorImpl.newInstance(DelegatingConstructorAccessorImpl.java:45)
	at java.lang.reflect.Constructor.newInstance(Constructor.java:423)
	at org.openqa.selenium.remote.ErrorHandler.createThrowable(ErrorHandler.java:216)
	at org.openqa.selenium.remote.ErrorHandler.throwIfResponseFailed(ErrorHandler.java:168)
	at org.openqa.selenium.remote.RemoteWebDriver.execute(RemoteWebDriver.java:638)
	at org.openqa.selenium.remote.RemoteWebElement.execute(RemoteWebElement.java:274)
	at org.openqa.selenium.remote.RemoteWebElement.click(RemoteWebElement.java:84)
	at com.inferyx.framework.dataProfiling.rule.RuleActionViewIcon.ruleView(RuleActionViewIcon.java:17)
	at sun.reflect.NativeMethodAccessorImpl.invoke0(Native Method)
	at sun.reflect.NativeMethodAccessorImpl.invoke(NativeMethodAccessorImpl.java:62)
	at sun.reflect.DelegatingMethodAccessorImpl.invoke(DelegatingMethodAccessorImpl.java:43)
	at java.lang.reflect.Method.invoke(Method.java:498)
	at org.testng.internal.MethodInvocationHelper.invokeMethod(MethodInvocationHelper.java:124)
	at org.testng.internal.Invoker.invokeMethod(Invoker.java:583)
	at org.testng.internal.Invoker.invokeTestMethod(Invoker.java:719)
	at org.testng.internal.Invoker.invokeTestMethods(Invoker.java:989)
	at org.testng.internal.TestMethodWorker.invokeTestMethods(TestMethodWorker.java:125)
	at org.testng.internal.TestMethodWorker.run(TestMethodWorker.java:109)
	at org.testng.TestRunner.privateRun(TestRunner.java:648)
	at org.testng.TestRunner.run(TestRunner.java:505)
	at org.testng.SuiteRunner.runTest(SuiteRunner.java:455)
	at org.testng.SuiteRunner.runSequentially(SuiteRunner.java:450)
	at org.testng.SuiteRunner.privateRun(SuiteRunner.java:415)
	at org.testng.SuiteRunner.run(SuiteRunner.java:364)
	at org.testng.SuiteRunnerWorker.runSuite(SuiteRunnerWorker.java:52)
	at org.testng.SuiteRunnerWorker.run(SuiteRunnerWorker.java:84)
	at org.testng.TestNG.runSuitesSequentially(TestNG.java:1208)
	at org.testng.TestNG.runSuitesLocally(TestNG.java:1137)
	at org.testng.TestNG.runSuites(TestNG.java:1049)
	at org.testng.TestNG.run(TestNG.java:1017)
	at org.testng.remote.AbstractRemoteTestNG.run(AbstractRemoteTestNG.java:114)
	at org.testng.remote.RemoteTestNG.initAndRun(RemoteTestNG.java:251)
	at org.testng.remote.RemoteTestNG.main(RemoteTestNG.java:77)
</pre></div></td>
<td>0</td>
<td>com.inferyx.framework.dataProfiling.rule.RuleActionViewIcon@7c9d8e2</td></tr>
</table><p>
<table width='100%' border='1' class='invocation-passed'>
<tr><td colspan='4' align='center'><b>PASSED TESTS</b></td></tr>
<tr><td><b>Test method</b></td>
<td width="30%"><b>Exception</b></td>
<td width="10%"><b>Time (seconds)</b></td>
<td><b>Instance</b></td>
</tr>
<tr>
<td title='com.inferyx.framework.dataProfiling.rule.Rule.dataVisualization()'><b>dataVisualization</b><br>Test class: com.inferyx.framework.dataProfiling.rule.Rule<br>Test method: Data Profile Rule</td>
<td></td>
<td>11</td>
<td>com.inferyx.framework.dataProfiling.rule.Rule@24313fcc</td></tr>
<tr>
<td title='com.inferyx.framework.dataProfiling.rule.RuleActionClone.datapodEditAction()'><b>datapodEditAction</b><br>Test class: com.inferyx.framework.dataProfiling.rule.RuleActionClone<br>Test method: Rule Clone  Action</td>
<td></td>
<td>4</td>
<td>com.inferyx.framework.dataProfiling.rule.RuleActionClone@70325e14</td></tr>
<tr>
<td title='com.inferyx.framework.dataProfiling.rule.RuleActionExport.datapodEditAction()'><b>datapodEditAction</b><br>Test class: com.inferyx.framework.dataProfiling.rule.RuleActionExport<br>Test method: Rule Export Action</td>
<td></td>
<td>4</td>
<td>com.inferyx.framework.dataProfiling.rule.RuleActionExport@37ceb1df</td></tr>
<tr>
<td title='com.inferyx.framework.dataProfiling.rule.RuleActionLock.datapodLockAction()'><b>datapodLockAction</b><br>Test class: com.inferyx.framework.dataProfiling.rule.RuleActionLock<br>Test method: Rule Lock Action</td>
<td></td>
<td>4</td>
<td>com.inferyx.framework.dataProfiling.rule.RuleActionLock@131ef10</td></tr>
<tr>
<td title='com.inferyx.framework.dataProfiling.rule.RuleActionPublish.datapodPublishAction()'><b>datapodPublishAction</b><br>Test class: com.inferyx.framework.dataProfiling.rule.RuleActionPublish<br>Test method: Rule Publish Action</td>
<td></td>
<td>4</td>
<td>com.inferyx.framework.dataProfiling.rule.RuleActionPublish@38afe297</td></tr>
<tr>
<td title='com.inferyx.framework.dataProfiling.rule.RuleActionUnlock.datapodUnLockAction()'><b>datapodUnLockAction</b><br>Test class: com.inferyx.framework.dataProfiling.rule.RuleActionUnlock<br>Test method: Rule UnLock Action</td>
<td></td>
<td>4</td>
<td>com.inferyx.framework.dataProfiling.rule.RuleActionUnlock@55b0dcab</td></tr>
<tr>
<td title='com.inferyx.framework.dataProfiling.rule.RuleActionUnPublish.datapodUnPublishAction()'><b>datapodUnPublishAction</b><br>Test class: com.inferyx.framework.dataProfiling.rule.RuleActionUnPublish<br>Test method: Rule UnPublish Action</td>
<td></td>
<td>4</td>
<td>com.inferyx.framework.dataProfiling.rule.RuleActionUnPublish@2df3b89c</td></tr>
<tr>
<td title='com.inferyx.framework.dataProfiling.rule.RuleActionEdit.ruleEdit()'><b>ruleEdit</b><br>Test class: com.inferyx.framework.dataProfiling.rule.RuleActionEdit<br>Test method: ruleEdit</td>
<td></td>
<td>4</td>
<td>com.inferyx.framework.dataProfiling.rule.RuleActionEdit@41a2befb</td></tr>
<tr>
<td title='com.inferyx.framework.dataProfiling.rule.RuleActionViewIcon.ruleGraph()'><b>ruleGraph</b><br>Test class: com.inferyx.framework.dataProfiling.rule.RuleActionViewIcon<br>Test method: Rule Graph</td>
<td></td>
<td>8</td>
<td>com.inferyx.framework.dataProfiling.rule.RuleActionViewIcon@7c9d8e2</td></tr>
<tr>
<td title='com.inferyx.framework.dataProfiling.rule.RuleActionViewIcon.ruleRefresh()'><b>ruleRefresh</b><br>Test class: com.inferyx.framework.dataProfiling.rule.RuleActionViewIcon<br>Test method: Rule Graph Refresh</td>
<td></td>
<td>8</td>
<td>com.inferyx.framework.dataProfiling.rule.RuleActionViewIcon@7c9d8e2</td></tr>
<tr>
<td title='com.inferyx.framework.dataProfiling.rule.RuleActionRestore.ruleRestore()'><b>ruleRestore</b><br>Test class: com.inferyx.framework.dataProfiling.rule.RuleActionRestore<br>Test method: ruleRestore</td>
<td></td>
<td>4</td>
<td>com.inferyx.framework.dataProfiling.rule.RuleActionRestore@7bedc48a</td></tr>
<tr>
<td title='com.inferyx.framework.dataProfiling.rule.RuleAdd.validateAdd()'><b>validateAdd</b><br>Test class: com.inferyx.framework.dataProfiling.rule.RuleAdd<br>Test method: Rule  Add<br>Parameters: profile_bank_test, Data profiling to see statistical check results on raw tables for all columns, datapod</td>
<td></td>
<td>29</td>
<td>com.inferyx.framework.dataProfiling.rule.RuleAdd@7d20d0b</td></tr>
<tr>
<td title='com.inferyx.framework.dataProfiling.rule.RuleActionDelete.vizpodDelete()'><b>vizpodDelete</b><br>Test class: com.inferyx.framework.dataProfiling.rule.RuleActionDelete<br>Test method: ruleDelete</td>
<td></td>
<td>4</td>
<td>com.inferyx.framework.dataProfiling.rule.RuleActionDelete@6c40365c</td></tr>
<tr>
<td title='com.inferyx.framework.dataProfiling.rule.RuleActionView.vizpodView()'><b>vizpodView</b><br>Test class: com.inferyx.framework.dataProfiling.rule.RuleActionView<br>Test method: ruleView</td>
<td></td>
<td>4</td>
<td>com.inferyx.framework.dataProfiling.rule.RuleActionView@77f1baf5</td></tr>
<tr>
<td title='com.inferyx.framework.dataProfiling.rule.RuleActionExecute.vizpodView()'><b>vizpodView</b><br>Test class: com.inferyx.framework.dataProfiling.rule.RuleActionExecute<br>Test method: Rule Execute Action</td>
<td></td>
<td>4</td>
<td>com.inferyx.framework.dataProfiling.rule.RuleActionExecute@23348b5d</td></tr>
</table><p>
</body>
</html>