<?xml version="1.0" encoding="UTF-8"?>
<!-- Generated by org.testng.reporters.JUnitReportReporter -->
<testsuite skipped="0" hostname="rohini007-Inspiron-3551" name="com.inferyx.framework.dataDiscovery.DataDiscovery" tests="13" failures="0" timestamp="11 Feb 2019 08:09:50 GMT" time="620.745" errors="1">
  <testcase name="dataDiscoveryList" time="1.477" classname="com.inferyx.framework.dataDiscovery.DataDiscovery"/>
  <testcase name="dataDiscoveryCard" time="3.486" classname="com.inferyx.framework.dataDiscovery.DataDiscovery"/>
  <testcase name="dataDiscoveryCardMetaComp" time="18.801" classname="com.inferyx.framework.dataDiscovery.DataDiscovery"/>
  <testcase name="datapodSampleRecord" time="20.672" classname="com.inferyx.framework.dataDiscovery.DataDiscovery"/>
  <testcase name="histogramGrid" time="5.046" classname="com.inferyx.framework.dataDiscovery.DataDiscovery"/>
  <testcase name="histogramChart" time="4.688" classname="com.inferyx.framework.dataDiscovery.DataDiscovery"/>
  <testcase name="downloadSample" time="3.644" classname="com.inferyx.framework.dataDiscovery.DataDiscovery"/>
  <testcase name="dataStore" time="28.811" classname="com.inferyx.framework.dataDiscovery.DataDiscovery"/>
  <testcase name="dataStoreResult" time="262.652" classname="com.inferyx.framework.dataDiscovery.DataDiscovery"/>
  <testcase name="dataStoreResultDownload" time="209.121" classname="com.inferyx.framework.dataDiscovery.DataDiscovery"/>
  <testcase name="datapodGraph" time="18.634" classname="com.inferyx.framework.dataDiscovery.DataDiscovery">
    <error type="org.openqa.selenium.WebDriverException" message="unknown error: Element &lt;i class=&quot;fa fa-sitemap&quot; style=&quot;display: block;margin:0px 2px 0px 0px;color:white;&quot;&gt;&lt;/i&gt; is not clickable at point (1219, 7). Other element would receive the click: &lt;a href=&quot;#&quot; class=&quot;dropdown-toggle&quot; dropdown-menu-hover=&quot;&quot; data-toggle=&quot;dropdown&quot; data-close-others=&quot;true&quot;&gt;...&lt;/a&gt;
  (Session info: chrome=72.0.3626.81)
  (Driver info: chromedriver=2.41.578700 (2f1ed5f9343c13f73144538f15c00b370eda6706),platform=Linux 4.4.0-140-generic x86_64) (WARNING: The server did not provide any stacktrace information)
Command duration or timeout: 268 milliseconds
Build info: version: &#039;3.2.0&#039;, revision: &#039;8c03df6b79&#039;, time: &#039;2017-02-23 10:51:31 +0000&#039;
System info: host: &#039;rohini007-Inspiron-3551&#039;, ip: &#039;127.0.1.1&#039;, os.name: &#039;Linux&#039;, os.arch: &#039;amd64&#039;, os.version: &#039;4.4.0-140-generic&#039;, java.version: &#039;1.8.0_191&#039;
Driver info: org.openqa.selenium.chrome.ChromeDriver
Capabilities [{mobileEmulationEnabled=false, hasTouchScreen=false, platform=LINUX, acceptSslCerts=false, goog:chromeOptions={debuggerAddress=localhost:39394}, acceptInsecureCerts=false, webStorageEnabled=true, browserName=chrome, takesScreenshot=true, javascriptEnabled=true, setWindowRect=true, unexpectedAlertBehaviour=, applicationCacheEnabled=false, rotatable=false, networkConnectionEnabled=false, chrome={chromedriverVersion=2.41.578700 (2f1ed5f9343c13f73144538f15c00b370eda6706), userDataDir=/tmp/.org.chromium.Chromium.jo9klJ}, takesHeapSnapshot=true, pageLoadStrategy=normal, databaseEnabled=false, handlesAlerts=true, version=72.0.3626.81, browserConnectionEnabled=false, nativeEvents=true, locationContextEnabled=true, cssSelectorsEnabled=true}]
Session ID: 5b1eeb1dbc233d3b4476d0615d899a70">
      <![CDATA[org.openqa.selenium.WebDriverException: unknown error: Element <i class="fa fa-sitemap" style="display: block;margin:0px 2px 0px 0px;color:white;"></i> is not clickable at point (1219, 7). Other element would receive the click: <a href="#" class="dropdown-toggle" dropdown-menu-hover="" data-toggle="dropdown" data-close-others="true">...</a>
  (Session info: chrome=72.0.3626.81)
  (Driver info: chromedriver=2.41.578700 (2f1ed5f9343c13f73144538f15c00b370eda6706),platform=Linux 4.4.0-140-generic x86_64) (WARNING: The server did not provide any stacktrace information)
Command duration or timeout: 268 milliseconds
Build info: version: '3.2.0', revision: '8c03df6b79', time: '2017-02-23 10:51:31 +0000'
System info: host: 'rohini007-Inspiron-3551', ip: '127.0.1.1', os.name: 'Linux', os.arch: 'amd64', os.version: '4.4.0-140-generic', java.version: '1.8.0_191'
Driver info: org.openqa.selenium.chrome.ChromeDriver
Capabilities [{mobileEmulationEnabled=false, hasTouchScreen=false, platform=LINUX, acceptSslCerts=false, goog:chromeOptions={debuggerAddress=localhost:39394}, acceptInsecureCerts=false, webStorageEnabled=true, browserName=chrome, takesScreenshot=true, javascriptEnabled=true, setWindowRect=true, unexpectedAlertBehaviour=, applicationCacheEnabled=false, rotatable=false, networkConnectionEnabled=false, chrome={chromedriverVersion=2.41.578700 (2f1ed5f9343c13f73144538f15c00b370eda6706), userDataDir=/tmp/.org.chromium.Chromium.jo9klJ}, takesHeapSnapshot=true, pageLoadStrategy=normal, databaseEnabled=false, handlesAlerts=true, version=72.0.3626.81, browserConnectionEnabled=false, nativeEvents=true, locationContextEnabled=true, cssSelectorsEnabled=true}]
Session ID: 5b1eeb1dbc233d3b4476d0615d899a70
at sun.reflect.NativeConstructorAccessorImpl.newInstance0(Native Method)
at sun.reflect.NativeConstructorAccessorImpl.newInstance(NativeConstructorAccessorImpl.java:62)
at sun.reflect.DelegatingConstructorAccessorImpl.newInstance(DelegatingConstructorAccessorImpl.java:45)
at java.lang.reflect.Constructor.newInstance(Constructor.java:423)
at org.openqa.selenium.remote.ErrorHandler.createThrowable(ErrorHandler.java:216)
at org.openqa.selenium.remote.ErrorHandler.throwIfResponseFailed(ErrorHandler.java:168)
at org.openqa.selenium.remote.RemoteWebDriver.execute(RemoteWebDriver.java:638)
at org.openqa.selenium.remote.RemoteWebElement.execute(RemoteWebElement.java:274)
at org.openqa.selenium.remote.RemoteWebElement.click(RemoteWebElement.java:84)
at com.inferyx.framework.dataDiscovery.DataDiscovery.datapodGraph(DataDiscovery.java:246)
at sun.reflect.NativeMethodAccessorImpl.invoke0(Native Method)
at sun.reflect.NativeMethodAccessorImpl.invoke(NativeMethodAccessorImpl.java:62)
at sun.reflect.DelegatingMethodAccessorImpl.invoke(DelegatingMethodAccessorImpl.java:43)
at java.lang.reflect.Method.invoke(Method.java:498)
at org.testng.internal.MethodInvocationHelper.invokeMethod(MethodInvocationHelper.java:124)
at org.testng.internal.Invoker.invokeMethod(Invoker.java:583)
at org.testng.internal.Invoker.invokeTestMethod(Invoker.java:719)
at org.testng.internal.Invoker.invokeTestMethods(Invoker.java:989)
at org.testng.internal.TestMethodWorker.invokeTestMethods(TestMethodWorker.java:125)
at org.testng.internal.TestMethodWorker.run(TestMethodWorker.java:109)
at org.testng.TestRunner.privateRun(TestRunner.java:648)
at org.testng.TestRunner.run(TestRunner.java:505)
at org.testng.SuiteRunner.runTest(SuiteRunner.java:455)
at org.testng.SuiteRunner.runSequentially(SuiteRunner.java:450)
at org.testng.SuiteRunner.privateRun(SuiteRunner.java:415)
at org.testng.SuiteRunner.run(SuiteRunner.java:364)
at org.testng.SuiteRunnerWorker.runSuite(SuiteRunnerWorker.java:52)
at org.testng.SuiteRunnerWorker.run(SuiteRunnerWorker.java:84)
at org.testng.TestNG.runSuitesSequentially(TestNG.java:1208)
at org.testng.TestNG.runSuitesLocally(TestNG.java:1137)
at org.testng.TestNG.runSuites(TestNG.java:1049)
at org.testng.TestNG.run(TestNG.java:1017)
at org.testng.remote.AbstractRemoteTestNG.run(AbstractRemoteTestNG.java:114)
at org.testng.remote.RemoteTestNG.initAndRun(RemoteTestNG.java:251)
at org.testng.remote.RemoteTestNG.main(RemoteTestNG.java:77)
]]>
    </error>
  </testcase> <!-- datapodGraph -->
  <testcase name="dataDiscoveryCardEdit" time="14.860" classname="com.inferyx.framework.dataDiscovery.DataDiscovery"/>
  <testcase name="closeIcon" time="28.853" classname="com.inferyx.framework.dataDiscovery.DataDiscovery"/>
</testsuite> <!-- com.inferyx.framework.dataDiscovery.DataDiscovery -->
